<?xml version="1.0" encoding="UTF-8"?>
<!-- Generated by org.testng.reporters.JUnitReportReporter -->
<testsuite hostname="DESKTOP-J0EP6N8" failures="0" tests="1" name="testcases.TC005_KeyboardEvent" time="17.409" errors="0" timestamp="2022-10-28T01:26:47 BDT" skipped="0">
  <testcase classname="testcases.TC005_KeyboardEvent" name="KeyboardEventCheck" time="17.409"/>
  <system-out/>
</testsuite> <!-- testcases.TC005_KeyboardEvent -->
