<?xml version="1.0" encoding="UTF-8"?>
<!-- Generated by org.testng.reporters.JUnitReportReporter -->
<testsuite hostname="DESKTOP-J0EP6N8" failures="0" tests="1" name="testcases.Locator" time="39.478" errors="0" timestamp="2022-10-22T02:17:48 BDT" skipped="0">
  <testcase classname="testcases.Locator" name="locatorlearning" time="39.478"/>
  <system-out/>
</testsuite> <!-- testcases.Locator -->
