<?xml version="1.0" encoding="UTF-8"?>
<!-- Generated by org.testng.reporters.JUnitReportReporter -->
<testsuite hostname="DESKTOP-J0EP6N8" failures="0" tests="1" name="testcases.TC004_checkBoxAndRadioButton" time="11.087" errors="0" timestamp="2022-10-28T01:26:47 BDT" skipped="0">
  <testcase classname="testcases.TC004_checkBoxAndRadioButton" name="checkBoxAndRadioButtonInIFrame" time="11.087"/>
  <system-out/>
</testsuite> <!-- testcases.TC004_checkBoxAndRadioButton -->
