<?xml version="1.0" encoding="UTF-8"?>
<!-- Generated by org.testng.reporters.JUnitReportReporter -->
<testsuite hostname="DESKTOP-J0EP6N8" failures="0" tests="1" name="testcases.TC006_Refresh" time="19.919" errors="0" timestamp="2022-10-28T01:26:47 BDT" skipped="0">
  <testcase classname="testcases.TC006_Refresh" name="refreshPage" time="19.919"/>
  <system-out/>
</testsuite> <!-- testcases.TC006_Refresh -->
