<?xml version="1.0" encoding="UTF-8"?>
<!-- Generated by org.testng.reporters.JUnitReportReporter -->
<testsuite hostname="DESKTOP-J0EP6N8" failures="0" tests="1" name="testcases.TC001_LocatorLearning" time="13.773" errors="0" timestamp="2022-10-28T01:26:47 BDT" skipped="0">
  <testcase classname="testcases.TC001_LocatorLearning" name="locatorlearning" time="13.773"/>
  <system-out/>
</testsuite> <!-- testcases.TC001_LocatorLearning -->
