<?xml version="1.0" encoding="UTF-8"?>
<!-- Generated by org.testng.reporters.JUnitReportReporter -->
<testsuite hostname="DESKTOP-J0EP6N8" failures="0" tests="2" name="testcases.TC002_VerifyPageTitle" time="10.816" errors="0" timestamp="2022-10-28T01:26:47 BDT" skipped="0">
  <testcase classname="testcases.TC002_VerifyPageTitle" name="verifyPageTitle_shouldPass" time="10.807"/>
  <system-out/>
  <testcase classname="testcases.TC002_VerifyPageTitle" name="isWebSiteSecured" time="0.009"/>
  <system-out/>
</testsuite> <!-- testcases.TC002_VerifyPageTitle -->
