<?xml version="1.0" encoding="UTF-8"?>
<!-- Generated by org.testng.reporters.JUnitReportReporter -->
<testsuite hostname="DESKTOP-J0EP6N8" failures="0" tests="1" name="testcases.TC0010_KeyboardEvent" time="21.550" errors="0" timestamp="2022-10-27T01:47:56 BDT" skipped="0">
  <testcase classname="testcases.TC0010_KeyboardEvent" name="KeyboardEventCheck" time="21.550"/>
  <system-out/>
</testsuite> <!-- testcases.TC0010_KeyboardEvent -->
