<?xml version="1.0" encoding="UTF-8"?>
<!-- Generated by org.testng.reporters.JUnitReportReporter -->
<testsuite hostname="DESKTOP-J0EP6N8" failures="0" tests="2" name="testcases.TC003_VerifyPageTitle" time="13.669" errors="0" timestamp="2022-10-27T01:28:28 BDT" skipped="0">
  <testcase classname="testcases.TC003_VerifyPageTitle" name="verifyPageTitle_shouldPass" time="13.658"/>
  <system-out/>
  <testcase classname="testcases.TC003_VerifyPageTitle" name="isWebSiteSecured" time="0.011"/>
  <system-out/>
</testsuite> <!-- testcases.TC003_VerifyPageTitle -->
