<?xml version="1.0" encoding="UTF-8"?>
<!-- Generated by org.testng.reporters.JUnitReportReporter -->
<testsuite hostname="DESKTOP-J0EP6N8" failures="0" tests="1" name="testcases.TC002_LocatorLearningAdvance" time="19.310" errors="0" timestamp="2022-10-27T01:25:58 BDT" skipped="0">
  <testcase classname="testcases.TC002_LocatorLearningAdvance" name="locatorLearning" time="19.310"/>
  <system-out/>
</testsuite> <!-- testcases.TC002_LocatorLearningAdvance -->
